6 7 17
8 3 17
6 9 20
5 5 6
8 4 17
9 9 20
1 6 9
7 9 20
1 9 20
9 4 20
93 89 93
76 42 116
13 37 112
93 52 116
17 37 112
22 78 116
85 60 116
53 20 112
11 28 112
87 23 116
40 86 116
69 24 113
80 58 116
62 56 108
94 54 116
17 21 21
39 42 110
35 81 116
41 53 110
68 63 108
98 96 119
63 32 113
79 72 116
64 45 113
31 73 116
65 98 119
45 16 112
79 44 116
10 67 113
57 88 116
63 43 113
61 43 113
69 27 113
74 95 111
68 86 116
55 18 113
56 99 119
77 76 23
96 38 116
86 74 111
44 86 116
42 34 110
10 85 116
35 42 110
33 60 113
50 27 112
95 55 116
46 60 113
50 76 116
75 58 116
96 28 116
69 37 113
20 86 116
80 64 116
62 94 116
24 98 119
58 80 116
65 38 113
84 54 116
41 26 112
53 70 113
94 97 119
95 85 106
16 80 116
48 60 113
79 60 116
37 73 116
40 12 112
29 22 112
81 55 116
71 56 108
85 78 111
11 95 116
60 70 108
48 14 112
69 67 28
91 98 119
30 51 110
48 37 110
79 74 36
26 99 119
88 84 31
69 78 116
86 10 116
60 75 116
43 60 113
36 73 116
78 99 119
78 62 116
82 42 116
36 51 110
53 74 116
17 64 113
72 88 116
97 80 119
34 35 14
33 26 112
46 25 112
65 70 28
48 36 110
78 91 111
66 24 113
91 73 116
45 90 116
43 72 113
42 48 105
30 86 116
64 62 108
80 71 116
49 70 113
18 73 116
48 31 110
73 45 116
49 82 116
91 14 116
90 92 93
45 26 112
64 23 113
93 98 119
45 95 116
61 51 113
52 12 112
61 75 116
19 17 21
77 18 116
91 66 116
59 85 116
89 76 111
55 61 113
53 78 116
89 52 116
43 51 105
42 95 116
82 97 119
30 28 19
90 27 116
96 88 106
33 73 116
90 52 116
70 39 113
18 85 116
84 76 111
49 98 119
93 19 116
94 18 116
30 76 116
47 69 113
68 77 116
68 20 113
57 73 116
57 31 113
64 22 113
55 57 113
73 95 116
34 37 22
32 86 116
93 48 116
11 25 24
68 31 113
91 74 111
62 27 113
93 73 116
58 14 113
82 17 116
47 52 105
80 99 119
80 58 116
72 31 113
74 14 116
72 48 113
39 69 113
59 99 119
38 15 112
17 31 112
90 18 116
74 60 116
15 63 113
87 67 116
64 81 116
89 20 116
26 56 113
80 29 116
63 80 116
50 99 119
74 35 116
16 11 18
71 74 116
91 90 93
60 82 116
90 72 116
84 21 116
25 61 113
96 65 116
68 89 116
45 31 110
89 29 116
17 25 24
39 67 113
30 33 107
13 42 112
30 35 107
97 47 119
98 74 119
95 94 106
39 82 116
38 72 113
76 72 116
58 41 113
62 84 116
31 93 116
94 23 116
47 66 113
39 85 116
65 27 113
62 77 116
49 31 110
16 47 112
45 59 113
50 26 112
85 66 116
59 48 113
73 95 116
38 64 113
19 20 21
24 47 112
77 95 111
22 63 113
49 33 110
24 96 116
61 28 113
41 76 116
27 83 116
32 35 27
69 88 116
49 12 112
72 60 108
70 92 116
77 87 111
44 63 113
62 62 108
33 33 27
80 22 116
89 16 116
18 37 112
31 81 116
61 60 20
91 58 116
62 26 113
29 90 116
57 81 116
13 18 21
35 78 116
90 78 111
24 60 113
17 34 112
52 78 116
33 74 116
27 93 116
49 78 116
37 13 112
22 58 113
86 53 116
27 84 116
54 54 113
72 82 116
68 23 113
94 88 106
66 59 108
67 62 108
45 75 116
26 94 116
65 43 113
84 68 116
20 31 112
13 28 112
44 65 113
14 87 116
79 34 116
53 30 110
50 62 113
92 55 116
59 63 108
10 97 119
19 84 116
72 85 116
46 58 113
19 25 24
10 48 112
10 79 116
84 16 116
94 82 111
37 72 113
79 18 116
48 48 12
66 55 113
73 10 116
13 56 113
62 21 113
42 58 113
49 18 112
234 355 144
674 694 127
312 366 144
616 741 171
719 318 171
112 148 122
606 283 144
995 499 179
372 320 144
603 919 179
551 608 137
934 519 179
763 558 171
123 851 171
751 258 171
732 678 171
646 163 144
286 276 105
600 514 137
147 203 125
538 913 179
485 579 142
104 398 144
951 863 179
931 223 179
999 193 179
535 449 142
477 240 144
184 264 128
383 693 145
467 449 129
665 547 145
493 642 137
167 805 171
181 725 171
351 729 171
333 646 142
152 567 144
189 492 144
343 135 144
155 107 122
204 957 179
859 506 171
407 649 145
523 610 137
652 167 145
859 574 171
574 225 144
623 861 171
149 538 144
906 697 179
628 450 142
689 611 145
816 519 171
491 572 142
428 660 145
743 706 140
566 287 144
301 754 171
780 158 171
376 783 171
399 367 121
338 229 144
381 223 144
686 312 145
874 940 174
923 399 179
833 675 171
259 336 144
227 289 128
507 786 171
358 796 171
393 756 171
147 844 171
369 553 142
863 849 148
899 217 179
392 794 171
716 933 179
730 722 96
303 444 144
438 348 134
585 519 137
820 665 171
672 858 171
798 788 122
356 388 121
603 783 171
366 553 142
189 867 171
123 152 122
184 109 125
863 515 171
774 447 171
366 288 144
398 356 121
287 742 171
913 541 179
479 315 144
640 219 144
264 443 144
463 968 179
437 579 142
409 963 179
402 441 134
698 633 145
994 186 179
512 634 137
815 614 171
669 894 179
746 114 171
289 661 145
397 802 171
245 349 144
805 195 171
420 722 171
592 387 142
340 178 144
182 714 171
228 200 115
119 449 144
677 474 145
263 998 179
588 130 144
561 626 132
770 600 171
950 192 179
141 854 171
985 939 143
722 854 153
636 141 144
297 183 128
911 660 179
726 195 171
472 326 144
181 140 125
106 324 131
462 486 129
247 814 171
110 415 144
190 792 171
731 178 171
377 325 144
566 188 144
500 492 111
529 106 144
662 430 145
275 202 128
128 606 144
337 366 126
946 531 179
184 222 120
982 424 179
350 615 142
100 588 144
522 479 142
272 306 118
201 653 145
872 712 179
921 230 179
590 117 144
604 109 144
976 732 179
245 417 144
126 355 144
878 569 179
436 592 142
182 148 125
785 849 135
734 506 171
501 158 144
245 649 145
946 477 179
508 307 144
624 831 171
781 615 171
449 406 134
542 851 171
209 438 144
348 290 144
662 945 179
933 509 179
935 357 179
284 703 171
911 322 179
397 870 171
627 607 132
279 544 144
479 722 171
948 894 174
984 974 143
980 650 179
876 488 179
655 313 145
678 631 145
200 403 144
906 912 55
284 129 128
214 567 144
125 760 171
932 306 179
903 145 179
278 744 171
572 448 142
781 798 122
482 323 144
866 235 171
511 304 144
766 653 171
934 992 174
461 830 171
632 631 39
148 129 122
838 767 153
231 176 128
264 956 179
118 586 144
411 338 134
868 957 179
165 458 144
459 326 144
841 787 135
797 180 171
999 487 179
715 847 153
586 413 142
702 490 145
916 147 179
463 288 144
247 722 171
306 944 179
808 466 171
367 943 179
199 494 144
215 905 179
854 633 171
740 851 153
299 674 145
755 454 171
326 561 144
445 747 171
665 613 145
674 906 179
976 808 179
843 954 179
190 168 125
112 314 131
324 992 179
197 869 171
802 467 171
740 124 171
118 581 144
511 109 144
556 420 142
590 867 171
598 155 144
615 180 144
979 702 179
628 642 132
395 629 142
548 872 179
450 394 134
306 744 171
605 362 142
316 742 171
699 856 171
885 392 179
721 457 171
247 690 145
564 798 171
114 150 122
146 276 128
276 155 128
722 665 171
320 479 144
153 293 128
686 175 145
512 245 144
720 256 171
372 270 144
311 257 123
638 599 132
578 467 142
893 387 179
641 519 137
400 327 144
958 443 179
828 938 179
613 392 142
503 382 142
409 265 144
628 961 179
598 131 144
953 474 179
686 726 171
697 447 145
735 392 171
920 752 179
892 820 179
893 886 148
2454 3156 217
6325 3432 262
6035 6271 262
2111 6053 238
3209 8736 262
6329 8300 257
5632 1459 238
4484 7253 262
1456 6560 262
6975 4777 262
9598 6763 260
6267 1653 262
5790 6875 262
4516 7912 262
4463 2717 238
1662 1310 172
6174 9946 260
2723 6054 238
6357 8584 257
4847 4718 197
6652 5853 262
9220 1884 262
1353 5955 238
6248 7420 257
9579 1687 262
9844 7995 260
8376 1551 262
9093 6086 262
2217 9266 262
8431 8313 234
4754 6066 236
3096 1493 217
4566 5222 210
7074 6894 257
4738 6720 262
1314 6614 262
7812 4616 262
3071 2455 217
2172 1057 182
8311 3465 262
5532 3579 238
9486 1344 262
7952 3008 262
1955 9134 262
2881 7044 262
3894 2929 238
2024 5572 238
8872 1760 262
9750 3004 262
6892 5864 262
6036 6395 262
9346 6632 260
1437 1323 172
7618 1379 262
8939 4885 262
2603 4329 238
6998 4822 262
6531 2172 262
4512 8819 262
5076 8463 262
8448 2973 262
2798 1567 209
5428 2908 238
1135 8723 262
1353 6970 262
4781 3513 238
9278 3096 262
7917 7242 239
1595 1242 177
8989 6015 262
9743 3811 262
6794 1064 262
9236 9670 260
5435 9514 262
5332 2070 238
8479 4102 262
5325 7129 262
6501 8004 257
4791 2183 238
1685 8083 262
1134 4894 238
4777 6939 262
7934 7608 221
9753 9512 198
7479 4433 262
1360 2776 209
4477 3408 238
3626 5565 238
2086 6608 262
6698 6185 244
6327 1572 262
6191 7758 257
8918 5647 262
8645 7174 252
7199 6421 257
2949 5120 238
9929 4783 262
9706 1859 262
9718 7736 260
9585 5015 262
9340 2080 262
7784 6770 257
2246 6963 262
1708 2199 180
1021 7641 262
9396 2850 262
8743 9228 247
1974 8013 262
2833 2256 209
1169 1958 180
1196 1827 180
9625 9454 198
6092 8766 262
2428 7454 262
7573 9314 260
5245 4321 215
3204 4920 238
8208 8996 247
4462 8318 262
4807 1508 238
2908 1268 209
7287 6153 262
7968 2538 262
2160 1252 180
2448 7578 262
1056 6667 262
6363 3635 262
9739 8990 260
9784 7152 260
1472 1021 182
2184 2949 217
4757 9795 262
9828 3834 262
1102 3903 238
4681 1891 238
3188 2294 217
2559 1489 209
8932 3233 262
9347 3671 262
8944 3789 262
2144 6474 262
1664 9522 262
9241 8647 247
1534 3440 217
4244 2788 238
8191 8115 190
6292 9505 260
6858 3130 262
9314 6158 262
7035 3035 262
7755 1597 262
3241 3502 181
6763 5879 262
6095 7887 262
7146 9143 252
7383 8547 252
4174 7511 262
5913 7516 262
5621 8313 262
1925 3384 217
5517 3903 215
7687 9496 260
3656 9174 262
8620 4578 262
5805 5762 205
3682 1006 217
8209 4189 262
5030 4969 179
7493 3209 262
5315 9034 262
9084 8455 247
1294 7772 262
7384 7893 239
5163 9098 262
8437 8132 234
6714 6949 257
8662 9037 247
3272 8221 262
8611 4607 262
4346 8321 262
7675 5909 262
8844 9317 260
4673 1698 238
7052 6033 262
8425 9747 260
5163 5883 236
5589 6994 262
4905 2644 238
8345 7163 252
9364 8835 260
9001 1846 262
7780 5470 262
8757 6560 257
5825 4538 236
2455 1511 183
8094 9804 260
1392 5292 238
3476 1412 217
3444 4056 238
1980 3598 217
84512 92097 333
16430 42995 324
16079 17827 279
25514 91224 351
42757 32497 324
40538 84904 351
28410 11587 308
29100 56055 340
19982 81800 351
55871 69501 335
55742 61866 335
52583 17918 340
74677 78425 351
83866 35167 351
55246 82121 351
43958 99752 351
23822 81107 351
34799 78373 351
76608 87672 351
79897 65451 351
14483 60583 340
71934 26100 340
88876 82141 333
46369 96470 351
59123 29791 340
29175 98054 351
46372 43945 314
57611 28589 340
82248 52502 351
61436 50042 340
46646 42754 314
73557 27668 340
61655 19378 340
71123 32227 340
86063 88754 333
85849 44470 351
78159 74619 351
48147 36025 314
47813 17784 324
71218 22094 340
55390 41172 340
56180 14861 340
74471 19824 340
42856 69518 340
23200 76244 340
92861 45929 351
18047 87321 351
64802 77341 351
21702 15475 279
98842 95111 297
27502 11713 308
21990 54133 340
45266 23278 324
96576 15698 351
47673 44533 314
75650 88880 351
72453 20178 340
59948 74412 335
41263 36525 306
93826 37668 351
90805 65796 351
22859 52425 324
72394 65070 325
37644 13048 324
35034 94969 351
35899 20226 324
12542 89203 351
56065 60607 322
84496 69583 351
75373 67948 325
65932 91138 351
89679 96549 333
92259 11886 351
90979 63315 351
58116 96672 351
49238 81256 351
82224 23014 351
37849 56248 340
21848 29570 308
41785 76552 340
41654 47596 314
16563 62883 340
72666 43699 340
28891 71429 340
15543 73044 340
79344 45299 351
76913 53185 335
16305 83505 351
51701 49251 309
72129 29672 340
40643 23633 324
18509 62981 340
46123 85625 351
89908 55475 351
22305 76945 340
36575 80862 351
10311 89828 351
68798 89155 351
39119 21619 324
69438 62877 330
24080 73982 340
56969 35843 340
94052 15233 351
13538 47807 324
48134 62761 340
46677 62923 340
12646 21445 279
55689 21710 340
50539 42103 314
33896 99468 351
24141 96786 351
19227 45672 324
74351 57017 335
52820 66864 335
47794 48921 265
36844 16838 324
34055 66996 340
50354 27607 324
61465 52229 340
68826 69502 281
31874 72594 340
90363 77366 338
63974 74325 325
41983 92855 351
53250 21439 340
20658 83660 351
36381 98293 351
20198 48288 324
20546 59161 340
69860 25794 340
44257 16456 324
63317 68834 330
58095 82407 351
83185 58756 351
68092 34961 340
43557 18768 324
28857 10050 308
38953 27101 324
79905 42314 351
95655 41841 351
77623 24145 351
96546 81717 333
43183 20778 324
33259 10598 308
45562 88317 351
79123 39258 351
94374 11469 351
63273 70371 330
93590 33236 351
61721 41633 340
16823 11488 276
30613 14263 308
32437 42992 324
47200 59402 340
26338 26227 246
90137 20699 351
59014 58108 273
92695 75066 351
81640 49139 351
19896 42935 324
95510 14562 351
53833 71164 335
93488 71406 351
69496 68325 312
76092 27014 340
58481 93475 351
32762 66808 340
42520 98892 351
76033 92259 351
71416 92844 351
97923 32168 351
81728 28790 351
79696 39520 351
56545 37683 340
86574 14009 351
57370 75922 335
43206 25537 324
29668 38185 324
87676 81855 333
68925 33622 340
66014 94592 351
69879 20339 340
96936 93717 328
64240 36602 340
78634 26312 351
99305 79562 333
59009 38150 340
31742 54650 340
63429 83260 351
72616 61703 330
95505 60227 351
23677 71906 340
29582 97351 351
82927 14939 351
51814 64937 340
76451 81299 351
47839 90883 351
16763 42031 324
22821 24608 282
36486 69843 340
