8 9 20
9 4 20
8 9 20
8 1 17
2 3 8
2 5 8
9 4 20
2 6 9
4 2 8
3 9 20
72 89 116
25 55 113
10 27 112
95 33 116
68 50 113
25 88 116
59 50 113
55 41 113
84 70 116
12 47 112
54 86 116
16 33 112
18 30 112
94 76 111
38 19 112
28 86 116
31 67 113
91 52 116
86 74 111
28 95 116
57 55 113
77 66 116
48 88 116
29 36 107
47 75 116
35 56 113
21 88 116
52 56 113
78 74 36
45 44 17
99 28 119
42 83 116
56 34 113
47 75 116
10 45 112
15 40 112
68 64 28
93 86 93
87 34 116
80 81 23
94 21 116
92 96 106
47 41 110
93 95 106
66 16 113
83 83 111
82 81 111
28 67 113
27 63 113
52 20 112
98 88 119
70 94 116
66 17 113
14 13 18
80 37 116
25 21 24
54 12 113
93 35 116
28 59 113
35 35 14
15 24 21
57 73 116
92 83 111
99 32 119
62 40 113
14 14 18
35 91 116
35 35 14
86 25 116
46 93 116
21 60 113
11 13 15
45 90 116
36 28 107
75 63 116
35 55 113
86 64 116
49 48 25
22 81 116
39 12 112
82 94 111
20 46 112
41 14 112
26 19 24
97 83 119
95 93 106
67 95 116
18 17 21
64 33 113
16 68 113
62 54 113
75 50 116
73 62 116
26 93 116
82 97 119
35 57 113
91 55 116
71 48 113
44 36 110
74 17 116
88 46 116
60 58 33
47 48 105
96 99 119
40 79 116
76 25 116
35 69 113
59 47 113
65 12 113
32 33 27
40 97 119
19 87 116
38 34 22
46 47 105
59 89 116
78 57 116
18 28 112
53 74 116
24 62 113
86 74 111
99 76 119
29 99 119
30 82 116
37 76 116
82 32 116
57 60 33
67 55 113
20 76 116
62 71 108
68 24 113
72 82 116
75 39 116
29 30 19
39 27 112
52 58 113
46 63 113
75 94 111
36 50 110
45 29 110
50 33 110
71 62 108
34 94 116
42 88 116
97 63 119
82 97 119
65 22 113
93 35 116
31 75 116
77 44 116
77 69 116
10 53 112
86 19 116
73 89 116
59 86 116
74 41 116
66 81 116
97 45 119
88 67 116
53 20 112
95 80 111
95 49 116
34 14 112
69 77 116
81 33 116
72 69 103
99 57 119
29 29 19
54 77 116
23 79 116
89 17 116
96 47 116
79 25 116
94 14 116
69 58 108
95 34 116
70 28 113
89 11 116
16 37 112
49 89 116
77 18 116
68 19 113
48 37 110
20 69 113
52 32 110
41 82 116
85 76 111
24 19 21
95 39 116
61 31 113
90 77 111
64 48 113
32 63 113
73 35 116
71 45 113
21 45 112
16 73 116
16 95 116
22 71 113
20 55 113
31 54 113
901 603 179
411 635 142
440 337 134
250 782 171
937 746 179
399 148 144
821 863 148
761 465 171
738 617 171
443 275 144
292 451 144
956 588 179
106 678 145
507 352 142
394 880 179
346 282 144
187 739 171
142 420 144
393 854 171
324 724 171
618 720 171
651 618 145
105 735 171
368 328 126
827 347 171
965 892 174
425 427 59
367 621 142
921 951 174
819 446 171
932 158 179
511 101 144
190 639 144
471 606 142
790 568 171
619 481 142
474 189 144
480 978 179
878 561 179
558 488 142
502 165 144
867 875 179
103 541 144
876 185 179
994 774 179
277 669 145
804 549 171
122 787 171
549 627 137
926 491 179
240 852 171
378 785 171
154 369 144
820 918 179
113 158 122
536 387 142
782 947 179
964 457 179
862 478 171
722 345 171
639 720 171
560 333 142
119 214 125
812 560 171
674 740 171
462 407 134
971 552 179
469 950 179
198 417 144
687 651 145
754 937 179
122 786 171
788 648 171
620 705 171
403 271 144
451 677 145
776 711 153
928 232 179
859 394 171
846 884 179
587 716 171
136 866 171
208 585 144
975 597 179
822 682 171
790 914 179
526 516 124
721 821 153
317 175 131
120 456 144
725 690 171
187 328 144
317 703 171
217 536 144
642 390 142
396 774 171
564 277 144
558 855 171
263 697 145
352 222 144
330 398 126
298 870 171
278 369 144
761 574 171
424 923 179
991 930 174
863 225 171
439 822 171
568 451 142
480 877 179
876 587 179
767 763 153
223 387 144
484 632 142
565 810 171
212 106 125
972 721 179
767 646 171
774 740 153
889 427 179
647 781 171
649 127 145
293 406 144
438 594 142
945 388 179
887 197 179
962 269 179
343 275 144
451 457 129
610 875 179
276 223 128
614 837 171
187 581 144
465 144 144
118 322 131
365 513 142
646 878 179
799 599 171
108 271 128
271 321 131
420 820 171
299 615 144
975 221 179
442 665 145
444 677 145
913 453 179
150 337 144
138 165 117
847 837 86
711 336 171
287 687 145
479 158 144
570 571 106
787 965 179
420 779 171
890 217 179
883 233 179
447 873 179
647 471 142
470 668 145
522 248 144
511 813 171
769 175 171
539 557 137
576 119 144
338 641 142
270 648 144
324 305 131
672 493 145
727 867 153
855 200 171
832 752 153
693 499 145
906 255 179
562 481 142
549 969 179
185 319 131
527 304 144
588 363 142
723 393 171
785 701 171
113 325 131
495 253 144
735 139 171
317 728 171
907 681 179
620 839 171
203 134 125
211 815 171
800 501 171
498 421 142
401 202 144
390 751 171
390 904 179
145 325 131
748 326 171
125 541 144
451 736 171
890 818 179
241 914 179
7040 8784 252
9652 2958 262
4466 3366 238
1246 3413 217
9876 9526 211
3172 5218 238
4207 6416 262
5498 5064 192
5284 1053 238
1282 8539 262
2595 1673 209
7447 5985 262
9811 9159 260
8167 4306 262
8479 3100 262
6760 4231 262
4405 8473 262
2418 1644 183
3303 8868 262
9280 3773 262
3563 3113 199
1698 8367 262
6165 3563 238
9187 4365 262
6800 5262 262
1749 2800 209
6143 4853 236
8901 8003 234
2056 2274 183
3524 8380 262
7794 4688 262
1851 7545 262
8484 3377 262
2959 4804 238
8532 5397 262
7758 3380 262
6224 5845 262
5272 6741 262
5432 8530 262
8670 7529 252
6819 5515 262
4692 1394 238
5334 1739 238
2691 8322 262
7891 3632 262
7099 1453 262
7146 9730 260
4411 1962 238
8298 1388 262
8647 6193 257
2187 3244 217
2470 5293 238
2437 6499 262
1214 7139 262
2396 7820 262
9512 2070 262
9479 9793 198
7129 4841 262
4503 6567 262
4487 6013 236
4588 5983 236
4444 2428 238
1947 4129 238
1711 3074 217
3465 4080 238
5343 5015 192
6213 4244 262
5222 5353 192
9690 1229 262
3352 9676 262
6468 4395 262
2095 7295 262
8109 2671 262
4090 2457 238
3606 8963 262
6532 3594 262
8758 7568 252
6616 5323 262
2438 2162 183
6830 3104 262
4308 3916 202
6358 7435 257
3703 1315 217
2474 8982 262
6422 4402 262
7101 8737 252
6040 6703 262
9752 1298 262
7771 1623 262
9587 2380 262
5514 8532 262
4283 5871 236
7098 9099 252
8024 8925 234
6101 9782 262
8169 3424 262
3271 1713 217
4561 3444 238
9413 8400 260
3881 8801 262
3988 6759 262
6680 5394 262
8178 5139 262
3246 9831 262
4008 1204 238
6075 8419 262
4636 2290 238
3899 6419 262
8042 8117 190
7965 8605 234
5764 6652 262
7761 5838 262
9744 4842 262
3785 4718 215
9156 2444 262
1461 5282 238
3023 6583 262
3068 6643 262
7240 9277 260
7851 3952 262
9246 1998 262
1203 2146 180
7580 1813 262
1994 5499 238
7943 7353 239
7558 3805 262
9788 2291 262
5264 7661 262
7830 6180 257
4572 3225 238
7212 1645 262
2380 2127 183
5911 2958 238
6632 9819 260
6441 6532 200
3466 5628 238
2757 2018 209
8265 5456 262
2242 9939 262
1751 4869 238
2974 3401 199
7342 9883 260
1907 3764 238
2007 3199 217
1286 6751 262
5843 3970 236
1407 9426 262
9425 3837 262
5414 8568 262
7159 1880 262
5433 5483 192
7505 6891 257
8721 4435 262
6797 2689 262
3430 2446 217
3961 7643 262
9895 6710 260
3245 4539 238
4756 1066 238
3766 4820 215
3335 4484 238
1627 5727 238
8598 6640 257
9798 1023 262
1796 8690 262
8481 3176 262
8440 1707 262
4506 9093 262
4139 6368 262
4929 3172 238
4094 1263 238
5727 4225 236
8076 9594 260
3227 1705 217
6957 9758 260
6246 1724 262
5797 9148 262
1820 6338 262
6427 1092 262
8790 7297 252
9119 7411 252
6630 9901 260
9093 3898 262
5494 2674 238
3956 5491 215
1621 9082 262
1416 6405 262
9700 2335 262
4152 6180 262
4896 2134 238
6575 5126 262
9911 7367 260
1252 9120 262
5104 3653 238
6101 6576 262
8130 5556 262
5001 4699 210
8294 1746 262
4850 5663 236
8773 7064 252
91467 74442 351
48330 24573 324
25072 88802 351
45039 12868 324
69004 87025 351
47021 49605 314
19955 90353 351
71708 33594 340
25194 47617 324
90841 66644 351
87968 79763 333
74374 72534 294
83413 23333 351
84773 23487 351
24510 53847 340
26457 37594 324
77507 89192 338
89007 78627 338
29948 45735 324
13553 95843 351
48094 89367 351
89882 60989 351
22936 23150 238
39736 82530 351
48034 93518 351
49691 86677 351
43288 27987 324
64422 70629 312
54351 14169 340
17007 91732 351
60241 58931 317
32134 58114 340
77361 76475 351
43111 98625 351
79912 31140 351
76366 13812 340
91012 32299 351
20852 70054 340
79879 44665 351
97626 78006 338
57689 95267 351
70930 58343 335
34277 72609 340
20151 23208 269
80856 18484 351
10630 90252 351
39535 32080 324
92511 52320 351
64296 87162 351
72754 33724 340
28404 65266 340
71382 42960 340
49536 87861 351
42959 43519 257
17457 29154 308
41653 53436 340
46632 41184 314
11782 71531 340
93202 40126 351
52704 35436 340
50328 75153 340
59283 40669 340
87889 30184 351
54445 19751 340
71088 57588 335
85202 14228 351
59492 30086 340
86299 44999 351
94956 38008 351
93699 44053 351
21279 92999 351
81675 55343 351
32456 30503 285
77280 90055 338
91613 49654 351
47891 33772 324
31806 24523 308
92998 30885 351
70107 44918 340
29180 47154 324
81294 35633 351
92973 14355 351
79884 79388 307
75828 37932 340
87957 53667 351
10611 65865 340
73863 86206 351
73957 43566 340
60621 72234 335
86408 22488 351
61696 11646 340
59228 37559 340
95591 90968 333
13375 29488 308
76696 10254 340
54895 92383 351
10462 95938 351
18310 73793 340
15496 15603 222
24932 40122 324
21131 14984 279
57384 42151 340
90486 53009 351
91187 24180 351
33605 86018 351
81745 33996 351
12615 67374 340
86016 34809 351
63248 14441 340
31620 81308 351
60172 63659 335
86584 96019 333
48917 29364 324
14303 66648 340
80525 81420 320
16258 95209 351
66641 77022 325
10153 84996 351
94196 55621 351
55436 71719 335
11816 16003 276
35488 74679 340
49661 48578 296
45679 66297 340
55743 68221 335
76073 54137 335
89081 59436 351
74448 86148 351
41240 78685 351
39240 71733 340
23597 80874 351
82824 74724 351
66122 88389 351
81583 30828 351
25279 80792 351
95317 66032 351
85919 52717 351
58757 12031 340
97896 21807 351
26434 54756 340
81163 37466 351
56364 33931 340
13179 33875 308
56262 20168 340
23790 26447 264
28889 92172 351
56403 13006 340
34653 80640 351
80848 91988 333
89524 71719 351
59975 20449 340
37918 67828 340
62717 50671 340
67567 55905 335
53142 19996 340
24963 86275 351
23879 99734 351
23034 10285 279
78608 90580 338
78907 17605 351
16880 48878 324
70219 57090 335
15788 91694 351
81001 78302 338
79050 87151 333
73818 98399 351
59781 38227 340
98844 23820 351
60476 82580 351
40202 79466 351
91859 91729 209
42743 14828 324
92134 69962 351
52514 92462 351
80155 45461 351
37757 63256 340
69821 43886 340
94129 71276 351
57002 95986 351
81098 64781 351
68698 21211 340
19024 16865 279
53371 94187 351
16476 70953 340
45578 77295 351
54280 55991 260
14679 82438 351
46285 64335 340
70558 51643 340
61947 84416 351
34615 68657 340
80186 90830 333
73399 16259 340
45835 91338 351
81241 99592 333
96185 94907 328
16329 97143 351
74665 10272 340
76756 49365 340
56274 95093 351
541255 709669 452
690121 258456 470
702777 132823 470
551388 954579 525
344219 607114 470
160421 163565 339
164441 445607 449
545577 329044 470
589663 641892 447
783508 960471 525
874389 717800 525
352062 157526 443
645858 876293 525
553360 275230 470
693525 996264 525
694338 113493 470
710792 202325 470
951271 684709 525
952800 395344 525
584652 549250 434
877165 357938 525
642355 685623 429
119113 213450 383
663044 304485 470
220084 648250 470
380585 605981 470
865829 939703 476
617471 171068 470
294991 908010 525
302441 587784 470
900405 882596 401
862157 507672 525
953453 238291 525
227456 625575 470
179921 910318 525
871551 583048 525
318875 734597 470
652697 863744 525
349192 174263 443
162586 524583 470
448224 349295 449
794666 882433 525
210814 173319 373
557844 511937 452
903647 707164 525
962611 177738 525
841452 883530 432
262873 916676 525
947898 418019 525
114275 707275 470
184636 573350 470
240631 595615 470
283580 364324 441
246704 938597 525
573688 754248 447
195586 555621 470
539599 919231 525
824751 109471 470
223637 321883 443
982331 453896 525
289364 901894 525
884105 530450 525
184503 455676 449
973079 823832 525
942500 630890 525
540588 591868 452
172283 188393 365
331239 178962 443
497721 616536 470
318463 533291 470
209728 266598 443
304825 218715 443
876449 658939 525
896833 846973 432
899303 595693 525
421693 830013 470
328479 816176 470
773332 687641 468
815652 100357 470
802489 811013 406
799648 986966 525
993885 969411 458
674470 790923 468
922363 187292 525
249469 652279 470
738171 326040 470
473833 405824 449
664519 982330 525
606076 953917 525
271291 147215 443
976665 761843 525
257569 264275 407
336631 206059 443
992181 557915 525
994870 136727 525
194560 691806 470
987705 671814 525
699743 501514 470
250446 850877 525
839248 324250 525
514337 580207 452
491500 329284 449
377582 255693 441
711381 317460 470
689378 823383 468
711112 164975 470
183972 895849 525
304470 388783 441
463256 408518 449
930843 959079 445
146641 642589 470
300849 563253 470
798976 608488 468
992200 367453 525
424117 612176 470
199201 194125 360
750329 976848 525
931739 225657 525
606821 387235 470
728250 143416 470
512143 106955 470
486876 171504 449
680014 522459 452
689692 578319 447
880926 359319 525
640751 429577 470
433478 675338 470
751857 121135 470
449421 907856 525
844760 463819 525
251699 313440 407
735929 237236 470
507342 649076 470
369953 521591 470
341483 154171 443
839984 548441 525
539105 583517 452
573187 218284 470
186237 258387 443
265599 956751 525
608915 689192 447
395850 795513 470
209050 936852 525
447825 739378 470
555957 985524 525
274198 178240 443
441937 907636 525
130970 436592 449
203546 890320 525
507886 868639 525
823904 333292 470
174022 534031 470
805581 979535 525
333335 386685 441
682992 637630 429
773139 992273 525
932423 139762 525
367756 153763 443
455760 729410 470
967139 311701 525
687722 703867 442
709244 477132 470
983598 725219 525
607595 802679 468
404252 805486 470
576060 227367 470
673079 617408 429
180937 713410 470
253697 907299 525
728016 203225 470
578672 305018 470
246463 873168 525
795596 925704 525
307656 834603 470
255517 470448 449
801009 769274 468
690911 799710 468
165032 422320 449
239266 140210 443
830715 702219 468
312290 955013 525
599541 504236 470
473624 146169 449
485194 270485 449
879850 865414 432
136039 594592 470
604226 670677 447
521262 990213 525
714432 667879 442
267249 483628 449
534248 612479 452
168393 358395 443
484276 907455 525
773541 205026 470
342561 600913 470
254072 523447 470
177709 422754 449
232809 963529 525
309891 811251 470
499472 169019 449
